<?xml version="1.0" encoding="UTF-8"?>
<!-- Generated by org.testng.reporters.JUnitReportReporter -->
<testsuite hostname="DESKTOP-572F86P" failures="0" tests="2" name="Amazon" time="21.816" errors="0" timestamp="2023-01-11T08:51:06 IST" skipped="0">
  <testcase classname="Amazon" name="logo" time="11.419"/>
  <system-out/>
  <testcase classname="Amazon" name="verifyTitle" time="10.397"/>
  <system-out/>
</testsuite> <!-- Amazon -->
